Arguments: 
  /usr/local/Cellar/node/8.5.0/bin/node /usr/local/Cellar/yarn/1.0.2/libexec/bin/yarn.js install --mutex network:42424 --non-interactive

PATH: 
  /Users/yenbekbay/Projects/anvilabs/eslint-config-anvilabs/packages/eslint-config-anvilabs-react/node_modules/.bin:/Users/yenbekbay/Projects/anvilabs/eslint-config-anvilabs/packages/node_modules/.bin:/Users/yenbekbay/Projects/anvilabs/eslint-config-anvilabs/node_modules/.bin:/Users/yenbekbay/Projects/anvilabs/node_modules/.bin:/Users/yenbekbay/Projects/node_modules/.bin:/Users/yenbekbay/node_modules/.bin:/Users/node_modules/.bin:/node_modules/.bin:/usr/local/Cellar/node/8.5.0/bin:/usr/local/Cellar/nodenv/1.1.2/libexec:/Users/yenbekbay/Projects/anvilabs/eslint-config-anvilabs/node_modules/.bin:/Users/yenbekbay/.config/yarn/link/node_modules/.bin:/Users/yenbekbay/Projects/anvilabs/eslint-config-anvilabs/node_modules/.bin:/Users/yenbekbay/.config/yarn/link/node_modules/.bin:/usr/local/Cellar/node/8.5.0/lib/node_modules/npm/bin/node-gyp-bin:/usr/local/Cellar/node/8.5.0/bin/node_modules/npm/bin/node-gyp-bin:/usr/local/Cellar/nodenv/1.1.2/libexec:/Users/yenbekbay/.nodenv/shims:/Users/yenbekbay/.rbenv/shims:/Users/yenbekbay/.pyenv/shims:/Users/yenbekbay/Projects/anvilabs/dotfiles/zplug/bin:/usr/local/bin:/usr/bin:/bin:/usr/sbin:/sbin:/usr/local/munki:/usr/local/sbin:/usr/local/share/android-sdk/tools:/usr/local/share/android-sdk/tools/bin:/usr/local/share/android-sdk/platform-tools:/Users/yenbekbay/.zplug/repos/unixorn/git-extra-commands/bin:/Users/yenbekbay/.zplug/repos/unixorn/docker-helpers.zshplugin/bin:/Users/yenbekbay/.fzf/bin

Yarn version: 
  1.0.2

Node version: 
  8.5.0

Platform: 
  darwin x64

npm manifest: 
  {
  	"dependencies": {
  		"eslint": "^4.6.1",
  		"eslint-plugin-jsx-a11y": "^6.0.2",
  		"eslint-plugin-react": "^7.3.0",
  		"eslint-plugin-react-native": "^3.1.0"
  	}
  }

yarn manifest: 
  No manifest

Lockfile: 
  # THIS IS AN AUTOGENERATED FILE. DO NOT EDIT THIS FILE DIRECTLY.
  # yarn lockfile v1
  
  
  ansi-regex@^2.0.0:
    version "2.1.1"
    resolved "https://registry.yarnpkg.com/ansi-regex/-/ansi-regex-2.1.1.tgz#c3b33ab5ee360d86e0e628f0468ae7ef27d654df"
  
  ansi-styles@^2.2.1:
    version "2.2.1"
    resolved "https://registry.yarnpkg.com/ansi-styles/-/ansi-styles-2.2.1.tgz#b432dd3358b634cf75e1e4664368240533c1ddbe"
  
  aria-query@^0.7.0:
    version "0.7.0"
    resolved "https://registry.yarnpkg.com/aria-query/-/aria-query-0.7.0.tgz#4af10a1e61573ddea0cf3b99b51c52c05b424d24"
    dependencies:
      ast-types-flow "0.0.7"
  
  array-includes@^3.0.3:
    version "3.0.3"
    resolved "https://registry.yarnpkg.com/array-includes/-/array-includes-3.0.3.tgz#184b48f62d92d7452bb31b323165c7f8bd02266d"
    dependencies:
      define-properties "^1.1.2"
      es-abstract "^1.7.0"
  
  asap@~2.0.3:
    version "2.0.6"
    resolved "https://registry.yarnpkg.com/asap/-/asap-2.0.6.tgz#e50347611d7e690943208bbdafebcbc2fb866d46"
  
  ast-types-flow@0.0.7:
    version "0.0.7"
    resolved "https://registry.yarnpkg.com/ast-types-flow/-/ast-types-flow-0.0.7.tgz#f70b735c6bca1a5c9c22d982c3e39e7feba3bdad"
  
  axobject-query@^0.1.0:
    version "0.1.0"
    resolved "https://registry.yarnpkg.com/axobject-query/-/axobject-query-0.1.0.tgz#62f59dbc59c9f9242759ca349960e7a2fe3c36c0"
    dependencies:
      ast-types-flow "0.0.7"
  
  babel-code-frame@^6.22.0, babel-code-frame@^6.26.0:
    version "6.26.0"
    resolved "https://registry.yarnpkg.com/babel-code-frame/-/babel-code-frame-6.26.0.tgz#63fd43f7dc1e3bb7ce35947db8fe369a3f58c74b"
    dependencies:
      chalk "^1.1.3"
      esutils "^2.0.2"
      js-tokens "^3.0.2"
  
  babel-eslint@^7.2.3:
    version "7.2.3"
    resolved "https://registry.yarnpkg.com/babel-eslint/-/babel-eslint-7.2.3.tgz#b2fe2d80126470f5c19442dc757253a897710827"
    dependencies:
      babel-code-frame "^6.22.0"
      babel-traverse "^6.23.1"
      babel-types "^6.23.0"
      babylon "^6.17.0"
  
  babel-messages@^6.23.0:
    version "6.23.0"
    resolved "https://registry.yarnpkg.com/babel-messages/-/babel-messages-6.23.0.tgz#f3cdf4703858035b2a2951c6ec5edf6c62f2630e"
    dependencies:
      babel-runtime "^6.22.0"
  
  babel-runtime@^6.22.0, babel-runtime@^6.26.0:
    version "6.26.0"
    resolved "https://registry.yarnpkg.com/babel-runtime/-/babel-runtime-6.26.0.tgz#965c7058668e82b55d7bfe04ff2337bc8b5647fe"
    dependencies:
      core-js "^2.4.0"
      regenerator-runtime "^0.11.0"
  
  babel-traverse@^6.23.1:
    version "6.26.0"
    resolved "https://registry.yarnpkg.com/babel-traverse/-/babel-traverse-6.26.0.tgz#46a9cbd7edcc62c8e5c064e2d2d8d0f4035766ee"
    dependencies:
      babel-code-frame "^6.26.0"
      babel-messages "^6.23.0"
      babel-runtime "^6.26.0"
      babel-types "^6.26.0"
      babylon "^6.18.0"
      debug "^2.6.8"
      globals "^9.18.0"
      invariant "^2.2.2"
      lodash "^4.17.4"
  
  babel-types@^6.23.0, babel-types@^6.26.0:
    version "6.26.0"
    resolved "https://registry.yarnpkg.com/babel-types/-/babel-types-6.26.0.tgz#a3b073f94ab49eb6fa55cd65227a334380632497"
    dependencies:
      babel-runtime "^6.26.0"
      esutils "^2.0.2"
      lodash "^4.17.4"
      to-fast-properties "^1.0.3"
  
  babylon@^6.17.0, babylon@^6.18.0:
    version "6.18.0"
    resolved "https://registry.yarnpkg.com/babylon/-/babylon-6.18.0.tgz#af2f3b88fa6f5c1e4c634d1a0f8eac4f55b395e3"
  
  balanced-match@^1.0.0:
    version "1.0.0"
    resolved "https://registry.yarnpkg.com/balanced-match/-/balanced-match-1.0.0.tgz#89b4d199ab2bee49de164ea02b89ce462d71b767"
  
  brace-expansion@^1.1.7:
    version "1.1.8"
    resolved "https://registry.yarnpkg.com/brace-expansion/-/brace-expansion-1.1.8.tgz#c07b211c7c952ec1f8efd51a77ef0d1d3990a292"
    dependencies:
      balanced-match "^1.0.0"
      concat-map "0.0.1"
  
  builtin-modules@^1.0.0, builtin-modules@^1.1.1:
    version "1.1.1"
    resolved "https://registry.yarnpkg.com/builtin-modules/-/builtin-modules-1.1.1.tgz#270f076c5a72c02f5b65a47df94c5fe3a278892f"
  
  chalk@^1.1.3:
    version "1.1.3"
    resolved "https://registry.yarnpkg.com/chalk/-/chalk-1.1.3.tgz#a8115c55e4a702fe4d150abd3872822a7e09fc98"
    dependencies:
      ansi-styles "^2.2.1"
      escape-string-regexp "^1.0.2"
      has-ansi "^2.0.0"
      strip-ansi "^3.0.0"
      supports-color "^2.0.0"
  
  concat-map@0.0.1:
    version "0.0.1"
    resolved "https://registry.yarnpkg.com/concat-map/-/concat-map-0.0.1.tgz#d8a96bd77fd68df7793a73036a3ba0d5405d477b"
  
  contains-path@^0.1.0:
    version "0.1.0"
    resolved "https://registry.yarnpkg.com/contains-path/-/contains-path-0.1.0.tgz#fe8cf184ff6670b6baef01a9d4861a5cbec4120a"
  
  core-js@^1.0.0:
    version "1.2.7"
    resolved "https://registry.yarnpkg.com/core-js/-/core-js-1.2.7.tgz#652294c14651db28fa93bd2d5ff2983a4f08c636"
  
  core-js@^2.4.0:
    version "2.5.1"
    resolved "https://registry.yarnpkg.com/core-js/-/core-js-2.5.1.tgz#ae6874dc66937789b80754ff5428df66819ca50b"
  
  create-eslint-index@^1.0.0:
    version "1.0.0"
    resolved "https://registry.yarnpkg.com/create-eslint-index/-/create-eslint-index-1.0.0.tgz#d954372d86d5792fcd67e9f2b791b1ab162411bb"
    dependencies:
      lodash.get "^4.3.0"
  
  damerau-levenshtein@^1.0.0:
    version "1.0.4"
    resolved "https://registry.yarnpkg.com/damerau-levenshtein/-/damerau-levenshtein-1.0.4.tgz#03191c432cb6eea168bb77f3a55ffdccb8978514"
  
  debug@^2.6.8:
    version "2.6.9"
    resolved "https://registry.yarnpkg.com/debug/-/debug-2.6.9.tgz#5d128515df134ff327e90a4c93f4e077a536341f"
    dependencies:
      ms "2.0.0"
  
  define-properties@^1.1.2:
    version "1.1.2"
    resolved "https://registry.yarnpkg.com/define-properties/-/define-properties-1.1.2.tgz#83a73f2fea569898fb737193c8f873caf6d45c94"
    dependencies:
      foreach "^2.0.5"
      object-keys "^1.0.8"
  
  doctrine@1.5.0:
    version "1.5.0"
    resolved "https://registry.yarnpkg.com/doctrine/-/doctrine-1.5.0.tgz#379dce730f6166f76cefa4e6707a159b02c5a6fa"
    dependencies:
      esutils "^2.0.2"
      isarray "^1.0.0"
  
  doctrine@^2.0.0:
    version "2.0.0"
    resolved "https://registry.yarnpkg.com/doctrine/-/doctrine-2.0.0.tgz#c73d8d2909d22291e1a007a395804da8b665fe63"
    dependencies:
      esutils "^2.0.2"
      isarray "^1.0.0"
  
  emoji-regex@^6.1.0:
    version "6.5.1"
    resolved "https://registry.yarnpkg.com/emoji-regex/-/emoji-regex-6.5.1.tgz#9baea929b155565c11ea41c6626eaa65cef992c2"
  
  encoding@^0.1.11:
    version "0.1.12"
    resolved "https://registry.yarnpkg.com/encoding/-/encoding-0.1.12.tgz#538b66f3ee62cd1ab51ec323829d1f9480c74beb"
    dependencies:
      iconv-lite "~0.4.13"
  
  enhance-visitors@^1.0.0:
    version "1.0.0"
    resolved "https://registry.yarnpkg.com/enhance-visitors/-/enhance-visitors-1.0.0.tgz#aa945d05da465672a1ebd38fee2ed3da8518e95a"
    dependencies:
      lodash "^4.13.1"
  
  error-ex@^1.2.0:
    version "1.3.1"
    resolved "https://registry.yarnpkg.com/error-ex/-/error-ex-1.3.1.tgz#f855a86ce61adc4e8621c3cda21e7a7612c3a8dc"
    dependencies:
      is-arrayish "^0.2.1"
  
  es-abstract@^1.7.0:
    version "1.8.2"
    resolved "https://registry.yarnpkg.com/es-abstract/-/es-abstract-1.8.2.tgz#25103263dc4decbda60e0c737ca32313518027ee"
    dependencies:
      es-to-primitive "^1.1.1"
      function-bind "^1.1.1"
      has "^1.0.1"
      is-callable "^1.1.3"
      is-regex "^1.0.4"
  
  es-to-primitive@^1.1.1:
    version "1.1.1"
    resolved "https://registry.yarnpkg.com/es-to-primitive/-/es-to-primitive-1.1.1.tgz#45355248a88979034b6792e19bb81f2b7975dd0d"
    dependencies:
      is-callable "^1.1.1"
      is-date-object "^1.0.1"
      is-symbol "^1.0.1"
  
  escape-string-regexp@^1.0.2, escape-string-regexp@^1.0.5:
    version "1.0.5"
    resolved "https://registry.yarnpkg.com/escape-string-regexp/-/escape-string-regexp-1.0.5.tgz#1b61c0562190a8dff6ae3bb2cf0200ca130b86d4"
  
  eslint-ast-utils@^1.0.0:
    version "1.0.0"
    resolved "https://registry.yarnpkg.com/eslint-ast-utils/-/eslint-ast-utils-1.0.0.tgz#4acb86a0a018de08492f922a05b05928809472f4"
    dependencies:
      lodash.get "^4.4.2"
  
  eslint-config-airbnb-base@^12.0.0:
    version "12.0.0"
    resolved "https://registry.yarnpkg.com/eslint-config-airbnb-base/-/eslint-config-airbnb-base-12.0.0.tgz#99063aaef4b8698083481a00e165cbe15e82d615"
    dependencies:
      eslint-restricted-globals "^0.1.1"
  
  eslint-config-anvilabs@*:
    version "12.0.1"
    resolved "https://registry.yarnpkg.com/eslint-config-anvilabs/-/eslint-config-anvilabs-12.0.1.tgz#832d0c3a03256018d64efa4a9bf468994f52e39c"
    dependencies:
      babel-eslint "^7.2.3"
      eslint-config-airbnb-base "^12.0.0"
      eslint-config-prettier "^2.4.0"
      eslint-plugin-babel "^4.1.2"
      eslint-plugin-eslint-comments "^1.0.3"
      eslint-plugin-flowtype "^2.35.1"
      eslint-plugin-import "^2.7.0"
      eslint-plugin-jest "^21.0.0"
      eslint-plugin-jsx-a11y "^6.0.2"
      eslint-plugin-lodash-fp "^2.1.3"
      eslint-plugin-no-use-extend-native "^0.3.12"
      eslint-plugin-prettier "^2.2.0"
      eslint-plugin-promise "^3.5.0"
      eslint-plugin-react "^7.3.0"
      eslint-plugin-react-native "^3.1.0"
      eslint-plugin-typescript "^0.7.0"
      eslint-plugin-unicorn "^2.1.1"
      typescript-eslint-parser "^8.0.0"
  
  eslint-config-prettier@^2.4.0:
    version "2.6.0"
    resolved "https://registry.yarnpkg.com/eslint-config-prettier/-/eslint-config-prettier-2.6.0.tgz#f21db0ebb438ad678fb98946097c4bb198befccc"
    dependencies:
      get-stdin "^5.0.1"
  
  eslint-import-resolver-node@^0.3.1:
    version "0.3.1"
    resolved "https://registry.yarnpkg.com/eslint-import-resolver-node/-/eslint-import-resolver-node-0.3.1.tgz#4422574cde66a9a7b099938ee4d508a199e0e3cc"
    dependencies:
      debug "^2.6.8"
      resolve "^1.2.0"
  
  eslint-module-utils@^2.1.1:
    version "2.1.1"
    resolved "https://registry.yarnpkg.com/eslint-module-utils/-/eslint-module-utils-2.1.1.tgz#abaec824177613b8a95b299639e1b6facf473449"
    dependencies:
      debug "^2.6.8"
      pkg-dir "^1.0.0"
  
  eslint-plugin-babel@^4.1.2:
    version "4.1.2"
    resolved "https://registry.yarnpkg.com/eslint-plugin-babel/-/eslint-plugin-babel-4.1.2.tgz#79202a0e35757dd92780919b2336f1fa2fe53c1e"
  
  eslint-plugin-eslint-comments@^1.0.3:
    version "1.0.3"
    resolved "https://registry.yarnpkg.com/eslint-plugin-eslint-comments/-/eslint-plugin-eslint-comments-1.0.3.tgz#29443862c1a27219bf41342099ee951f9966004c"
    dependencies:
      escape-string-regexp "^1.0.5"
  
  eslint-plugin-flowtype@^2.35.1:
    version "2.35.1"
    resolved "https://registry.yarnpkg.com/eslint-plugin-flowtype/-/eslint-plugin-flowtype-2.35.1.tgz#9ad98181b467a3645fbd2a8d430393cc17a4ea63"
    dependencies:
      lodash "^4.15.0"
  
  eslint-plugin-import@^2.7.0:
    version "2.7.0"
    resolved "https://registry.yarnpkg.com/eslint-plugin-import/-/eslint-plugin-import-2.7.0.tgz#21de33380b9efb55f5ef6d2e210ec0e07e7fa69f"
    dependencies:
      builtin-modules "^1.1.1"
      contains-path "^0.1.0"
      debug "^2.6.8"
      doctrine "1.5.0"
      eslint-import-resolver-node "^0.3.1"
      eslint-module-utils "^2.1.1"
      has "^1.0.1"
      lodash.cond "^4.3.0"
      minimatch "^3.0.3"
      read-pkg-up "^2.0.0"
  
  eslint-plugin-jest@^21.0.0:
    version "21.1.0"
    resolved "https://registry.yarnpkg.com/eslint-plugin-jest/-/eslint-plugin-jest-21.1.0.tgz#2897f405e4db88f39d88b4aa10800983831cdeb9"
  
  eslint-plugin-jsx-a11y@^6.0.2:
    version "6.0.2"
    resolved "https://registry.yarnpkg.com/eslint-plugin-jsx-a11y/-/eslint-plugin-jsx-a11y-6.0.2.tgz#659277a758b036c305a7e4a13057c301cd3be73f"
    dependencies:
      aria-query "^0.7.0"
      array-includes "^3.0.3"
      ast-types-flow "0.0.7"
      axobject-query "^0.1.0"
      damerau-levenshtein "^1.0.0"
      emoji-regex "^6.1.0"
      jsx-ast-utils "^1.4.0"
  
  eslint-plugin-lodash-fp@^2.1.3:
    version "2.1.3"
    resolved "https://registry.yarnpkg.com/eslint-plugin-lodash-fp/-/eslint-plugin-lodash-fp-2.1.3.tgz#ec1d6782abb834415334b97a20b145730a0d0a78"
    dependencies:
      create-eslint-index "^1.0.0"
      enhance-visitors "^1.0.0"
      eslint-ast-utils "^1.0.0"
      lodash "^4.11.1"
      req-all "^0.1.0"
  
  eslint-plugin-no-use-extend-native@^0.3.12:
    version "0.3.12"
    resolved "https://registry.yarnpkg.com/eslint-plugin-no-use-extend-native/-/eslint-plugin-no-use-extend-native-0.3.12.tgz#3ad9a00c2df23b5d7f7f6be91550985a4ab701ea"
    dependencies:
      is-get-set-prop "^1.0.0"
      is-js-type "^2.0.0"
      is-obj-prop "^1.0.0"
      is-proto-prop "^1.0.0"
  
  eslint-plugin-prettier@^2.2.0:
    version "2.3.1"
    resolved "https://registry.yarnpkg.com/eslint-plugin-prettier/-/eslint-plugin-prettier-2.3.1.tgz#e7a746c67e716f335274b88295a9ead9f544e44d"
    dependencies:
      fast-diff "^1.1.1"
      jest-docblock "^21.0.0"
  
  eslint-plugin-promise@^3.5.0:
    version "3.5.0"
    resolved "https://registry.yarnpkg.com/eslint-plugin-promise/-/eslint-plugin-promise-3.5.0.tgz#78fbb6ffe047201627569e85a6c5373af2a68fca"
  
  eslint-plugin-react-native@^3.1.0:
    version "3.1.0"
    resolved "https://registry.yarnpkg.com/eslint-plugin-react-native/-/eslint-plugin-react-native-3.1.0.tgz#03f95f959bff7a8267b5472cb87d010e346f7224"
  
  eslint-plugin-react@^7.3.0:
    version "7.4.0"
    resolved "https://registry.yarnpkg.com/eslint-plugin-react/-/eslint-plugin-react-7.4.0.tgz#300a95861b9729c087d362dd64abcc351a74364a"
    dependencies:
      doctrine "^2.0.0"
      has "^1.0.1"
      jsx-ast-utils "^2.0.0"
      prop-types "^15.5.10"
  
  eslint-plugin-typescript@^0.7.0:
    version "0.7.0"
    resolved "https://registry.yarnpkg.com/eslint-plugin-typescript/-/eslint-plugin-typescript-0.7.0.tgz#d0bea86737fa18e892a27d7d70dea4ad3109ac8a"
    dependencies:
      requireindex "~1.1.0"
  
  eslint-plugin-unicorn@^2.1.1:
    version "2.1.2"
    resolved "https://registry.yarnpkg.com/eslint-plugin-unicorn/-/eslint-plugin-unicorn-2.1.2.tgz#99dffe9f4773b04bc39356a7febd64dd700274bc"
    dependencies:
      import-modules "^1.1.0"
      lodash.camelcase "^4.1.1"
      lodash.kebabcase "^4.0.1"
      lodash.snakecase "^4.0.1"
      lodash.upperfirst "^4.2.0"
  
  eslint-restricted-globals@^0.1.1:
    version "0.1.1"
    resolved "https://registry.yarnpkg.com/eslint-restricted-globals/-/eslint-restricted-globals-0.1.1.tgz#35f0d5cbc64c2e3ed62e93b4b1a7af05ba7ed4d7"
  
  esutils@^2.0.2:
    version "2.0.2"
    resolved "https://registry.yarnpkg.com/esutils/-/esutils-2.0.2.tgz#0abf4f1caa5bcb1f7a9d8acc6dea4faaa04bac9b"
  
  fast-diff@^1.1.1:
    version "1.1.2"
    resolved "https://registry.yarnpkg.com/fast-diff/-/fast-diff-1.1.2.tgz#4b62c42b8e03de3f848460b639079920695d0154"
  
  fbjs@^0.8.9:
    version "0.8.15"
    resolved "https://registry.yarnpkg.com/fbjs/-/fbjs-0.8.15.tgz#4f0695fdfcc16c37c0b07facec8cb4c4091685b9"
    dependencies:
      core-js "^1.0.0"
      isomorphic-fetch "^2.1.1"
      loose-envify "^1.0.0"
      object-assign "^4.1.0"
      promise "^7.1.1"
      setimmediate "^1.0.5"
      ua-parser-js "^0.7.9"
  
  find-up@^1.0.0:
    version "1.1.2"
    resolved "https://registry.yarnpkg.com/find-up/-/find-up-1.1.2.tgz#6b2e9822b1a2ce0a60ab64d610eccad53cb24d0f"
    dependencies:
      path-exists "^2.0.0"
      pinkie-promise "^2.0.0"
  
  find-up@^2.0.0:
    version "2.1.0"
    resolved "https://registry.yarnpkg.com/find-up/-/find-up-2.1.0.tgz#45d1b7e506c717ddd482775a2b77920a3c0c57a7"
    dependencies:
      locate-path "^2.0.0"
  
  foreach@^2.0.5:
    version "2.0.5"
    resolved "https://registry.yarnpkg.com/foreach/-/foreach-2.0.5.tgz#0bee005018aeb260d0a3af3ae658dd0136ec1b99"
  
  function-bind@^1.0.2, function-bind@^1.1.1:
    version "1.1.1"
    resolved "https://registry.yarnpkg.com/function-bind/-/function-bind-1.1.1.tgz#a56899d3ea3c9bab874bb9773b7c5ede92f4895d"
  
  get-set-props@^0.1.0:
    version "0.1.0"
    resolved "https://registry.yarnpkg.com/get-set-props/-/get-set-props-0.1.0.tgz#998475c178445686d0b32246da5df8dbcfbe8ea3"
  
  get-stdin@^5.0.1:
    version "5.0.1"
    resolved "https://registry.yarnpkg.com/get-stdin/-/get-stdin-5.0.1.tgz#122e161591e21ff4c52530305693f20e6393a398"
  
  globals@^9.18.0:
    version "9.18.0"
    resolved "https://registry.yarnpkg.com/globals/-/globals-9.18.0.tgz#aa3896b3e69b487f17e31ed2143d69a8e30c2d8a"
  
  graceful-fs@^4.1.2:
    version "4.1.11"
    resolved "https://registry.yarnpkg.com/graceful-fs/-/graceful-fs-4.1.11.tgz#0e8bdfe4d1ddb8854d64e04ea7c00e2a026e5658"
  
  has-ansi@^2.0.0:
    version "2.0.0"
    resolved "https://registry.yarnpkg.com/has-ansi/-/has-ansi-2.0.0.tgz#34f5049ce1ecdf2b0649af3ef24e45ed35416d91"
    dependencies:
      ansi-regex "^2.0.0"
  
  has@^1.0.1:
    version "1.0.1"
    resolved "https://registry.yarnpkg.com/has/-/has-1.0.1.tgz#8461733f538b0837c9361e39a9ab9e9704dc2f28"
    dependencies:
      function-bind "^1.0.2"
  
  hosted-git-info@^2.1.4:
    version "2.5.0"
    resolved "https://registry.yarnpkg.com/hosted-git-info/-/hosted-git-info-2.5.0.tgz#6d60e34b3abbc8313062c3b798ef8d901a07af3c"
  
  iconv-lite@~0.4.13:
    version "0.4.19"
    resolved "https://registry.yarnpkg.com/iconv-lite/-/iconv-lite-0.4.19.tgz#f7468f60135f5e5dad3399c0a81be9a1603a082b"
  
  import-modules@^1.1.0:
    version "1.1.0"
    resolved "https://registry.yarnpkg.com/import-modules/-/import-modules-1.1.0.tgz#748db79c5cc42bb9701efab424f894e72600e9dc"
  
  invariant@^2.2.2:
    version "2.2.2"
    resolved "https://registry.yarnpkg.com/invariant/-/invariant-2.2.2.tgz#9e1f56ac0acdb6bf303306f338be3b204ae60360"
    dependencies:
      loose-envify "^1.0.0"
  
  is-arrayish@^0.2.1:
    version "0.2.1"
    resolved "https://registry.yarnpkg.com/is-arrayish/-/is-arrayish-0.2.1.tgz#77c99840527aa8ecb1a8ba697b80645a7a926a9d"
  
  is-builtin-module@^1.0.0:
    version "1.0.0"
    resolved "https://registry.yarnpkg.com/is-builtin-module/-/is-builtin-module-1.0.0.tgz#540572d34f7ac3119f8f76c30cbc1b1e037affbe"
    dependencies:
      builtin-modules "^1.0.0"
  
  is-callable@^1.1.1, is-callable@^1.1.3:
    version "1.1.3"
    resolved "https://registry.yarnpkg.com/is-callable/-/is-callable-1.1.3.tgz#86eb75392805ddc33af71c92a0eedf74ee7604b2"
  
  is-date-object@^1.0.1:
    version "1.0.1"
    resolved "https://registry.yarnpkg.com/is-date-object/-/is-date-object-1.0.1.tgz#9aa20eb6aeebbff77fbd33e74ca01b33581d3a16"
  
  is-get-set-prop@^1.0.0:
    version "1.0.0"
    resolved "https://registry.yarnpkg.com/is-get-set-prop/-/is-get-set-prop-1.0.0.tgz#2731877e4d78a6a69edcce6bb9d68b0779e76312"
    dependencies:
      get-set-props "^0.1.0"
      lowercase-keys "^1.0.0"
  
  is-js-type@^2.0.0:
    version "2.0.0"
    resolved "https://registry.yarnpkg.com/is-js-type/-/is-js-type-2.0.0.tgz#73617006d659b4eb4729bba747d28782df0f7e22"
    dependencies:
      js-types "^1.0.0"
  
  is-obj-prop@^1.0.0:
    version "1.0.0"
    resolved "https://registry.yarnpkg.com/is-obj-prop/-/is-obj-prop-1.0.0.tgz#b34de79c450b8d7c73ab2cdf67dc875adb85f80e"
    dependencies:
      lowercase-keys "^1.0.0"
      obj-props "^1.0.0"
  
  is-proto-prop@^1.0.0:
    version "1.0.0"
    resolved "https://registry.yarnpkg.com/is-proto-prop/-/is-proto-prop-1.0.0.tgz#b3951f95c089924fb5d4fcda6542ab3e83e2b220"
    dependencies:
      lowercase-keys "^1.0.0"
      proto-props "^0.2.0"
  
  is-regex@^1.0.4:
    version "1.0.4"
    resolved "https://registry.yarnpkg.com/is-regex/-/is-regex-1.0.4.tgz#5517489b547091b0930e095654ced25ee97e9491"
    dependencies:
      has "^1.0.1"
  
  is-stream@^1.0.1:
    version "1.1.0"
    resolved "https://registry.yarnpkg.com/is-stream/-/is-stream-1.1.0.tgz#12d4a3dd4e68e0b79ceb8dbc84173ae80d91ca44"
  
  is-symbol@^1.0.1:
    version "1.0.1"
    resolved "https://registry.yarnpkg.com/is-symbol/-/is-symbol-1.0.1.tgz#3cc59f00025194b6ab2e38dbae6689256b660572"
  
  isarray@^1.0.0:
    version "1.0.0"
    resolved "https://registry.yarnpkg.com/isarray/-/isarray-1.0.0.tgz#bb935d48582cba168c06834957a54a3e07124f11"
  
  isomorphic-fetch@^2.1.1:
    version "2.2.1"
    resolved "https://registry.yarnpkg.com/isomorphic-fetch/-/isomorphic-fetch-2.2.1.tgz#611ae1acf14f5e81f729507472819fe9733558a9"
    dependencies:
      node-fetch "^1.0.1"
      whatwg-fetch ">=0.10.0"
  
  jest-docblock@^21.0.0:
    version "21.1.0"
    resolved "https://registry.yarnpkg.com/jest-docblock/-/jest-docblock-21.1.0.tgz#43154be2441fb91403e36bb35cb791a5017cea81"
  
  js-tokens@^3.0.0, js-tokens@^3.0.2:
    version "3.0.2"
    resolved "https://registry.yarnpkg.com/js-tokens/-/js-tokens-3.0.2.tgz#9866df395102130e38f7f996bceb65443209c25b"
  
  js-types@^1.0.0:
    version "1.0.0"
    resolved "https://registry.yarnpkg.com/js-types/-/js-types-1.0.0.tgz#d242e6494ed572ad3c92809fc8bed7f7687cbf03"
  
  jsx-ast-utils@^1.4.0:
    version "1.4.1"
    resolved "https://registry.yarnpkg.com/jsx-ast-utils/-/jsx-ast-utils-1.4.1.tgz#3867213e8dd79bf1e8f2300c0cfc1efb182c0df1"
  
  jsx-ast-utils@^2.0.0:
    version "2.0.1"
    resolved "https://registry.yarnpkg.com/jsx-ast-utils/-/jsx-ast-utils-2.0.1.tgz#e801b1b39985e20fffc87b40e3748080e2dcac7f"
    dependencies:
      array-includes "^3.0.3"
  
  load-json-file@^2.0.0:
    version "2.0.0"
    resolved "https://registry.yarnpkg.com/load-json-file/-/load-json-file-2.0.0.tgz#7947e42149af80d696cbf797bcaabcfe1fe29ca8"
    dependencies:
      graceful-fs "^4.1.2"
      parse-json "^2.2.0"
      pify "^2.0.0"
      strip-bom "^3.0.0"
  
  locate-path@^2.0.0:
    version "2.0.0"
    resolved "https://registry.yarnpkg.com/locate-path/-/locate-path-2.0.0.tgz#2b568b265eec944c6d9c0de9c3dbbbca0354cd8e"
    dependencies:
      p-locate "^2.0.0"
      path-exists "^3.0.0"
  
  lodash.camelcase@^4.1.1:
    version "4.3.0"
    resolved "https://registry.yarnpkg.com/lodash.camelcase/-/lodash.camelcase-4.3.0.tgz#b28aa6288a2b9fc651035c7711f65ab6190331a6"
  
  lodash.cond@^4.3.0:
    version "4.5.2"
    resolved "https://registry.yarnpkg.com/lodash.cond/-/lodash.cond-4.5.2.tgz#f471a1da486be60f6ab955d17115523dd1d255d5"
  
  lodash.get@^4.3.0, lodash.get@^4.4.2:
    version "4.4.2"
    resolved "https://registry.yarnpkg.com/lodash.get/-/lodash.get-4.4.2.tgz#2d177f652fa31e939b4438d5341499dfa3825e99"
  
  lodash.kebabcase@^4.0.1:
    version "4.1.1"
    resolved "https://registry.yarnpkg.com/lodash.kebabcase/-/lodash.kebabcase-4.1.1.tgz#8489b1cb0d29ff88195cceca448ff6d6cc295c36"
  
  lodash.snakecase@^4.0.1:
    version "4.1.1"
    resolved "https://registry.yarnpkg.com/lodash.snakecase/-/lodash.snakecase-4.1.1.tgz#39d714a35357147837aefd64b5dcbb16becd8f8d"
  
  lodash.unescape@4.0.1:
    version "4.0.1"
    resolved "https://registry.yarnpkg.com/lodash.unescape/-/lodash.unescape-4.0.1.tgz#bf2249886ce514cda112fae9218cdc065211fc9c"
  
  lodash.upperfirst@^4.2.0:
    version "4.3.1"
    resolved "https://registry.yarnpkg.com/lodash.upperfirst/-/lodash.upperfirst-4.3.1.tgz#1365edf431480481ef0d1c68957a5ed99d49f7ce"
  
  lodash@^4.11.1, lodash@^4.13.1, lodash@^4.15.0, lodash@^4.17.4:
    version "4.17.4"
    resolved "https://registry.yarnpkg.com/lodash/-/lodash-4.17.4.tgz#78203a4d1c328ae1d86dca6460e369b57f4055ae"
  
  loose-envify@^1.0.0, loose-envify@^1.3.1:
    version "1.3.1"
    resolved "https://registry.yarnpkg.com/loose-envify/-/loose-envify-1.3.1.tgz#d1a8ad33fa9ce0e713d65fdd0ac8b748d478c848"
    dependencies:
      js-tokens "^3.0.0"
  
  lowercase-keys@^1.0.0:
    version "1.0.0"
    resolved "https://registry.yarnpkg.com/lowercase-keys/-/lowercase-keys-1.0.0.tgz#4e3366b39e7f5457e35f1324bdf6f88d0bfc7306"
  
  minimatch@^3.0.3:
    version "3.0.4"
    resolved "https://registry.yarnpkg.com/minimatch/-/minimatch-3.0.4.tgz#5166e286457f03306064be5497e8dbb0c3d32083"
    dependencies:
      brace-expansion "^1.1.7"
  
  ms@2.0.0:
    version "2.0.0"
    resolved "https://registry.yarnpkg.com/ms/-/ms-2.0.0.tgz#5608aeadfc00be6c2901df5f9861788de0d597c8"
  
  node-fetch@^1.0.1:
    version "1.7.3"
    resolved "https://registry.yarnpkg.com/node-fetch/-/node-fetch-1.7.3.tgz#980f6f72d85211a5347c6b2bc18c5b84c3eb47ef"
    dependencies:
      encoding "^0.1.11"
      is-stream "^1.0.1"
  
  normalize-package-data@^2.3.2:
    version "2.4.0"
    resolved "https://registry.yarnpkg.com/normalize-package-data/-/normalize-package-data-2.4.0.tgz#12f95a307d58352075a04907b84ac8be98ac012f"
    dependencies:
      hosted-git-info "^2.1.4"
      is-builtin-module "^1.0.0"
      semver "2 || 3 || 4 || 5"
      validate-npm-package-license "^3.0.1"
  
  obj-props@^1.0.0:
    version "1.1.0"
    resolved "https://registry.yarnpkg.com/obj-props/-/obj-props-1.1.0.tgz#626313faa442befd4a44e9a02c3cb6bde937b511"
  
  object-assign@^4.1.0:
    version "4.1.1"
    resolved "https://registry.yarnpkg.com/object-assign/-/object-assign-4.1.1.tgz#2109adc7965887cfc05cbbd442cac8bfbb360863"
  
  object-keys@^1.0.8:
    version "1.0.11"
    resolved "https://registry.yarnpkg.com/object-keys/-/object-keys-1.0.11.tgz#c54601778ad560f1142ce0e01bcca8b56d13426d"
  
  p-limit@^1.1.0:
    version "1.1.0"
    resolved "https://registry.yarnpkg.com/p-limit/-/p-limit-1.1.0.tgz#b07ff2d9a5d88bec806035895a2bab66a27988bc"
  
  p-locate@^2.0.0:
    version "2.0.0"
    resolved "https://registry.yarnpkg.com/p-locate/-/p-locate-2.0.0.tgz#20a0103b222a70c8fd39cc2e580680f3dde5ec43"
    dependencies:
      p-limit "^1.1.0"
  
  parse-json@^2.2.0:
    version "2.2.0"
    resolved "https://registry.yarnpkg.com/parse-json/-/parse-json-2.2.0.tgz#f480f40434ef80741f8469099f8dea18f55a4dc9"
    dependencies:
      error-ex "^1.2.0"
  
  path-exists@^2.0.0:
    version "2.1.0"
    resolved "https://registry.yarnpkg.com/path-exists/-/path-exists-2.1.0.tgz#0feb6c64f0fc518d9a754dd5efb62c7022761f4b"
    dependencies:
      pinkie-promise "^2.0.0"
  
  path-exists@^3.0.0:
    version "3.0.0"
    resolved "https://registry.yarnpkg.com/path-exists/-/path-exists-3.0.0.tgz#ce0ebeaa5f78cb18925ea7d810d7b59b010fd515"
  
  path-parse@^1.0.5:
    version "1.0.5"
    resolved "https://registry.yarnpkg.com/path-parse/-/path-parse-1.0.5.tgz#3c1adf871ea9cd6c9431b6ea2bd74a0ff055c4c1"
  
  path-type@^2.0.0:
    version "2.0.0"
    resolved "https://registry.yarnpkg.com/path-type/-/path-type-2.0.0.tgz#f012ccb8415b7096fc2daa1054c3d72389594c73"
    dependencies:
      pify "^2.0.0"
  
  pify@^2.0.0:
    version "2.3.0"
    resolved "https://registry.yarnpkg.com/pify/-/pify-2.3.0.tgz#ed141a6ac043a849ea588498e7dca8b15330e90c"
  
  pinkie-promise@^2.0.0:
    version "2.0.1"
    resolved "https://registry.yarnpkg.com/pinkie-promise/-/pinkie-promise-2.0.1.tgz#2135d6dfa7a358c069ac9b178776288228450ffa"
    dependencies:
      pinkie "^2.0.0"
  
  pinkie@^2.0.0:
    version "2.0.4"
    resolved "https://registry.yarnpkg.com/pinkie/-/pinkie-2.0.4.tgz#72556b80cfa0d48a974e80e77248e80ed4f7f870"
  
  pkg-dir@^1.0.0:
    version "1.0.0"
    resolved "https://registry.yarnpkg.com/pkg-dir/-/pkg-dir-1.0.0.tgz#7a4b508a8d5bb2d629d447056ff4e9c9314cf3d4"
    dependencies:
      find-up "^1.0.0"
  
  promise@^7.1.1:
    version "7.3.1"
    resolved "https://registry.yarnpkg.com/promise/-/promise-7.3.1.tgz#064b72602b18f90f29192b8b1bc418ffd1ebd3bf"
    dependencies:
      asap "~2.0.3"
  
  prop-types@^15.5.10:
    version "15.5.10"
    resolved "https://registry.yarnpkg.com/prop-types/-/prop-types-15.5.10.tgz#2797dfc3126182e3a95e3dfbb2e893ddd7456154"
    dependencies:
      fbjs "^0.8.9"
      loose-envify "^1.3.1"
  
  proto-props@^0.2.0:
    version "0.2.1"
    resolved "https://registry.yarnpkg.com/proto-props/-/proto-props-0.2.1.tgz#5e01dc2675a0de9abfa76e799dfa334d6f483f4b"
  
  read-pkg-up@^2.0.0:
    version "2.0.0"
    resolved "https://registry.yarnpkg.com/read-pkg-up/-/read-pkg-up-2.0.0.tgz#6b72a8048984e0c41e79510fd5e9fa99b3b549be"
    dependencies:
      find-up "^2.0.0"
      read-pkg "^2.0.0"
  
  read-pkg@^2.0.0:
    version "2.0.0"
    resolved "https://registry.yarnpkg.com/read-pkg/-/read-pkg-2.0.0.tgz#8ef1c0623c6a6db0dc6713c4bfac46332b2368f8"
    dependencies:
      load-json-file "^2.0.0"
      normalize-package-data "^2.3.2"
      path-type "^2.0.0"
  
  regenerator-runtime@^0.11.0:
    version "0.11.0"
    resolved "https://registry.yarnpkg.com/regenerator-runtime/-/regenerator-runtime-0.11.0.tgz#7e54fe5b5ccd5d6624ea6255c3473be090b802e1"
  
  req-all@^0.1.0:
    version "0.1.0"
    resolved "https://registry.yarnpkg.com/req-all/-/req-all-0.1.0.tgz#130051e2ace58a02eacbfc9d448577a736a9273a"
  
  requireindex@~1.1.0:
    version "1.1.0"
    resolved "https://registry.yarnpkg.com/requireindex/-/requireindex-1.1.0.tgz#e5404b81557ef75db6e49c5a72004893fe03e162"
  
  resolve@^1.2.0:
    version "1.4.0"
    resolved "https://registry.yarnpkg.com/resolve/-/resolve-1.4.0.tgz#a75be01c53da25d934a98ebd0e4c4a7312f92a86"
    dependencies:
      path-parse "^1.0.5"
  
  "semver@2 || 3 || 4 || 5", semver@5.4.1:
    version "5.4.1"
    resolved "https://registry.yarnpkg.com/semver/-/semver-5.4.1.tgz#e059c09d8571f0540823733433505d3a2f00b18e"
  
  setimmediate@^1.0.5:
    version "1.0.5"
    resolved "https://registry.yarnpkg.com/setimmediate/-/setimmediate-1.0.5.tgz#290cbb232e306942d7d7ea9b83732ab7856f8285"
  
  spdx-correct@~1.0.0:
    version "1.0.2"
    resolved "https://registry.yarnpkg.com/spdx-correct/-/spdx-correct-1.0.2.tgz#4b3073d933ff51f3912f03ac5519498a4150db40"
    dependencies:
      spdx-license-ids "^1.0.2"
  
  spdx-expression-parse@~1.0.0:
    version "1.0.4"
    resolved "https://registry.yarnpkg.com/spdx-expression-parse/-/spdx-expression-parse-1.0.4.tgz#9bdf2f20e1f40ed447fbe273266191fced51626c"
  
  spdx-license-ids@^1.0.2:
    version "1.2.2"
    resolved "https://registry.yarnpkg.com/spdx-license-ids/-/spdx-license-ids-1.2.2.tgz#c9df7a3424594ade6bd11900d596696dc06bac57"
  
  strip-ansi@^3.0.0:
    version "3.0.1"
    resolved "https://registry.yarnpkg.com/strip-ansi/-/strip-ansi-3.0.1.tgz#6a385fb8853d952d5ff05d0e8aaf94278dc63dcf"
    dependencies:
      ansi-regex "^2.0.0"
  
  strip-bom@^3.0.0:
    version "3.0.0"
    resolved "https://registry.yarnpkg.com/strip-bom/-/strip-bom-3.0.0.tgz#2334c18e9c759f7bdd56fdef7e9ae3d588e68ed3"
  
  supports-color@^2.0.0:
    version "2.0.0"
    resolved "https://registry.yarnpkg.com/supports-color/-/supports-color-2.0.0.tgz#535d045ce6b6363fa40117084629995e9df324c7"
  
  to-fast-properties@^1.0.3:
    version "1.0.3"
    resolved "https://registry.yarnpkg.com/to-fast-properties/-/to-fast-properties-1.0.3.tgz#b83571fa4d8c25b82e231b06e3a3055de4ca1a47"
  
  typescript-eslint-parser@^8.0.0:
    version "8.0.0"
    resolved "https://registry.yarnpkg.com/typescript-eslint-parser/-/typescript-eslint-parser-8.0.0.tgz#81f70bbffca1139c1dc5a1301208a7fd8213f8b2"
    dependencies:
      lodash.unescape "4.0.1"
      semver "5.4.1"
  
  ua-parser-js@^0.7.9:
    version "0.7.14"
    resolved "https://registry.yarnpkg.com/ua-parser-js/-/ua-parser-js-0.7.14.tgz#110d53fa4c3f326c121292bbeac904d2e03387ca"
  
  validate-npm-package-license@^3.0.1:
    version "3.0.1"
    resolved "https://registry.yarnpkg.com/validate-npm-package-license/-/validate-npm-package-license-3.0.1.tgz#2804babe712ad3379459acfbe24746ab2c303fbc"
    dependencies:
      spdx-correct "~1.0.0"
      spdx-expression-parse "~1.0.0"
  
  whatwg-fetch@>=0.10.0:
    version "2.0.3"
    resolved "https://registry.yarnpkg.com/whatwg-fetch/-/whatwg-fetch-2.0.3.tgz#9c84ec2dcf68187ff00bc64e1274b442176e1c84"

Trace: 
  Error: getaddrinfo ENOTFOUND registry.yarnpkg.com registry.yarnpkg.com:443
      at errnoException (dns.js:53:10)
      at GetAddrInfoReqWrap.onlookup [as oncomplete] (dns.js:95:26)
